<?xml version="1.0" encoding="UTF-8"?>
<!-- Generated by org.testng.reporters.JUnitReportReporter -->
<testsuite hostname="ASUS" failures="0" tests="3" name="extentreport.ExtentReportExamples" time="5.068" errors="0" timestamp="2023-01-09T14:38:53 IST" skipped="0">
  <testcase classname="extentreport.ExtentReportExamples" name="openBing" time="0.968"/>
  <system-out/>
  <testcase classname="extentreport.ExtentReportExamples" name="openBravebrowser" time="1.740"/>
  <system-out/>
  <testcase classname="extentreport.ExtentReportExamples" name="openGoogle" time="2.360"/>
  <system-out/>
</testsuite> <!-- extentreport.ExtentReportExamples -->
